{"level":"info","message":"Connnected to MongoDB..."}
{"level":"info","message":"Connnected to MongoDB..."}
{"level":"info","message":"Connnected to MongoDB..."}
{"level":"info","message":"Connnected to MongoDB..."}
{"level":"info","message":"Connnected to MongoDB..."}
{"level":"info","message":"Connnected to MongoDB..."}
{"level":"info","message":"Connnected to MongoDB..."}
{"level":"info","message":"Connnected to MongoDB..."}
{"level":"info","message":"Connnected to MongoDB..."}
{"level":"info","message":"Connnected to MongoDB..."}
{"level":"info","message":"Connnected to MongoDB..."}
{"level":"info","message":"Connnected to MongoDB..."}
{"level":"info","message":"Connnected to MongoDB..."}
{"level":"info","message":"Connnected to MongoDB..."}
{"level":"info","message":"Connnected to MongoDB..."}
{"level":"info","message":"Connnected to MongoDB..."}
{"level":"info","message":"Connnected to MongoDB..."}
{"level":"info","message":"Connnected to MongoDB..."}
{"level":"info","message":"Connnected to MongoDB..."}
{"level":"info","message":"Connnected to MongoDB..."}
{"level":"info","message":"Connnected to MongoDB..."}
{"level":"info","message":"Connnected to MongoDB..."}
{"level":"info","message":"Connnected to MongoDB..."}
{"level":"info","message":"Morgan Enabled..."}
{"level":"info","message":"Application Name: My Express App - Development"}
{"level":"info","message":"Mail Server: dev-mail-server"}
{"level":"info","message":"Lisetning on port 3000..."}
{"level":"info","message":"Connnected to MongoDB..."}
{"level":"info","message":"Application Name: My Express App - Development"}
{"level":"info","message":"Mail Server: dev-mail-server"}
{"level":"info","message":"Morgan Enabled..."}
{"level":"info","message":"Lisetning on port 3000..."}
{"level":"info","message":"Connnected to MongoDB..."}
{"level":"info","message":"Application Name: My Express App - Development"}
{"level":"info","message":"Mail Server: dev-mail-server"}
{"level":"info","message":"Morgan Enabled..."}
{"level":"info","message":"Listening on port 3000..."}
{"level":"info","message":"Connnected to MongoDB..."}
{"level":"info","message":"Application Name: My Express App - Development"}
{"level":"info","message":"Mail Server: dev-mail-server"}
{"level":"info","message":"Morgan Enabled..."}
{"level":"info","message":"Listening on port 3000..."}
{"level":"info","message":"Connnected to MongoDB..."}
